<?xml version="1.0" encoding="UTF-8"?>
<!-- Generated by org.testng.reporters.JUnitReportReporter -->
<testsuite skipped="0" hostname="NBQANOVATECN026" name="Testcases.Caso_Editar_Informe_de_Pago_QANova" tests="1" failures="0" timestamp="25 ago 2018 18:35:34 GMT" time="182.412" errors="0">
  <testcase name="loginTest" time="182.412" classname="Testcases.Caso_Editar_Informe_de_Pago_QANova"/>
</testsuite> <!-- Testcases.Caso_Editar_Informe_de_Pago_QANova -->
