<?xml version="1.0" encoding="UTF-8"?>
<!-- Generated by org.testng.reporters.JUnitReportReporter -->
<testsuite hostname="NBQANOVATECN026" name="A01_TestLab.Proy2_QAnova_Piloto.TL0000001_Ciclo_1" tests="1" failures="0" timestamp="11 Jan 2019 18:59:09 GMT" time="13.749" errors="0">
  <testcase name="Testlogin" time="13.749" classname="A01_TestLab.Proy2_QAnova_Piloto.TL0000001_Ciclo_1"/>
</testsuite> <!-- A01_TestLab.Proy2_QAnova_Piloto.TL0000001_Ciclo_1 -->
