<?xml version="1.0" encoding="UTF-8"?>
<!-- Generated by org.testng.reporters.JUnitReportReporter -->
<testsuite hostname="NBQANOVATECN026" name="Testcases.Caso_Conexion_BD_empresa01_Test" tests="1" failures="0" timestamp="10 Dec 2018 16:05:16 GMT" time="2.168" errors="0">
  <testcase name="Consulta_BD_Test" time="2.168" classname="Testcases.Caso_Conexion_BD_empresa01_Test"/>
</testsuite> <!-- Testcases.Caso_Conexion_BD_empresa01_Test -->
