<?xml version="1.0" encoding="UTF-8"?>
<!-- Generated by org.testng.reporters.JUnitReportReporter -->
<testsuite hostname="NBQANOVATECN026" name="Testcases.Prueba_WriteExcel_QANova" tests="1" failures="0" timestamp="15 Jan 2019 19:17:26 GMT" time="6.054" errors="0">
  <testcase name="loginTest" time="6.054" classname="Testcases.Prueba_WriteExcel_QANova"/>
</testsuite> <!-- Testcases.Prueba_WriteExcel_QANova -->
