<?xml version="1.0" encoding="UTF-8"?>
<!-- Generated by org.testng.reporters.JUnitReportReporter -->
<testsuite hostname="NBQANOVATECN026" name="A02_Testcases.Proy_2_QAnova_Piloto.CP02001_Caso_Login_QANova2_test" tests="1" failures="0" timestamp="11 Jan 2019 15:03:15 GMT" time="20.988" errors="0">
  <testcase name="loginTest" time="20.988" classname="A02_Testcases.Proy_2_QAnova_Piloto.CP02001_Caso_Login_QANova2_test"/>
</testsuite> <!-- A02_Testcases.Proy_2_QAnova_Piloto.CP02001_Caso_Login_QANova2_test -->
