<?xml version="1.0" encoding="UTF-8"?>
<!-- Generated by org.testng.reporters.JUnitReportReporter -->
<testsuite skipped="0" hostname="NBQANOVATECN026" name="Testcases.Caso_Informe_de_Pago_QANova" tests="1" failures="0" timestamp="25 ago 2018 18:22:03 GMT" time="128.606" errors="0">
  <testcase name="loginTest" time="128.606" classname="Testcases.Caso_Informe_de_Pago_QANova"/>
</testsuite> <!-- Testcases.Caso_Informe_de_Pago_QANova -->
