<?xml version="1.0" encoding="UTF-8"?>
<!-- Generated by org.testng.reporters.JUnitReportReporter -->
<testsuite hostname="NBQANOVATECN026" name="A02_Testcases.Proy_2_QAnova_Piloto.CP02003_Matriz_de_Información_Tabla_QA2_test" tests="1" failures="0" timestamp="11 Jan 2019 17:53:10 GMT" time="373.765" errors="0">
  <testcase name="loginTest" time="373.765" classname="A02_Testcases.Proy_2_QAnova_Piloto.CP02003_Matriz_de_Información_Tabla_QA2_test"/>
</testsuite> <!-- A02_Testcases.Proy_2_QAnova_Piloto.CP02003_Matriz_de_Información_Tabla_QA2_test -->
