<?xml version="1.0" encoding="UTF-8"?>
<!-- Generated by org.testng.reporters.JUnitReportReporter -->
<testsuite hostname="NBQANOVATECN026" name="A01_TestLab.Proy2_QAnova_Piloto.TL020110_Caso_1_Login_Exitoso_Test" tests="1" failures="0" timestamp="14 Jan 2019 13:47:48 GMT" time="16.647" errors="0">
  <testcase name="Testlogin" time="16.647" classname="A01_TestLab.Proy2_QAnova_Piloto.TL020110_Caso_1_Login_Exitoso_Test"/>
</testsuite> <!-- A01_TestLab.Proy2_QAnova_Piloto.TL020110_Caso_1_Login_Exitoso_Test -->
