<?xml version="1.0" encoding="UTF-8"?>
<!-- Generated by org.testng.reporters.JUnitReportReporter -->
<testsuite hostname="NBQANOVATECN026" name="A01_TestLab.Proy2_QAnova_Piloto.TL020110_Caso_1" tests="1" failures="0" timestamp="28 Mar 2019 13:26:36 GMT" time="20.201" errors="0">
  <testcase name="Caso_1_Test" time="20.201" classname="A01_TestLab.Proy2_QAnova_Piloto.TL020110_Caso_1"/>
</testsuite> <!-- A01_TestLab.Proy2_QAnova_Piloto.TL020110_Caso_1 -->
