<?xml version="1.0" encoding="UTF-8"?>
<!-- Generated by org.testng.reporters.JUnitReportReporter -->
<testsuite hostname="NBQANOVATECN026" name="Testcases.Caso_Login_QANova" tests="1" failures="0" timestamp="27 Aug 2018 15:08:36 GMT" time="21.381" errors="0">
  <testcase name="loginTest" time="21.381" classname="Testcases.Caso_Login_QANova"/>
</testsuite> <!-- Testcases.Caso_Login_QANova -->
