<?xml version="1.0" encoding="UTF-8"?>
<!-- Generated by org.testng.reporters.JUnitReportReporter -->
<testsuite hostname="NBQANOVATECN026" name="Testcases.Caso_Carga_Informacion_QA2_test" tests="1" failures="0" timestamp="10 Jan 2019 19:30:16 GMT" time="30.956" errors="0">
  <testcase name="loginTest" time="30.956" classname="Testcases.Caso_Carga_Informacion_QA2_test"/>
</testsuite> <!-- Testcases.Caso_Carga_Informacion_QA2_test -->
