<?xml version="1.0" encoding="UTF-8"?>
<!-- Generated by org.testng.reporters.JUnitReportReporter -->
<testsuite skipped="0" hostname="NBQANOVATECN026" name="Testcases.Prueba_CargaQANovaTest" tests="1" failures="0" timestamp="17 jul 2018 17:36:25 GMT" time="15.126" errors="0">
  <testcase name="comprapasajeTest" time="15.126" classname="Testcases.Prueba_CargaQANovaTest"/>
</testsuite> <!-- Testcases.Prueba_CargaQANovaTest -->
