<?xml version="1.0" encoding="UTF-8"?>
<!-- Generated by org.testng.reporters.JUnitReportReporter -->
<testsuite hostname="NBQANOVATECN026" name="A02_Testcases.Proy_3_Empresa.Conexion_base_datos_empresa01_Test" tests="1" failures="0" timestamp="22 Feb 2019 13:47:17 GMT" time="0.015" errors="0">
  <testcase name="getTableFromDataBase" time="0.015" classname="A02_Testcases.Proy_3_Empresa.Conexion_base_datos_empresa01_Test"/>
</testsuite> <!-- A02_Testcases.Proy_3_Empresa.Conexion_base_datos_empresa01_Test -->
