<?xml version="1.0" encoding="UTF-8"?>
<!-- Generated by org.testng.reporters.JUnitReportReporter -->
<testsuite hostname="NBQANOVATECN026" name="Testcases.Conexion_base_datos_empresa01_Test" tests="1" failures="0" timestamp="30 Nov 2018 13:03:37 GMT" time="0.012" errors="0">
  <testcase name="getTableFromDataBase" time="0.012" classname="Testcases.Conexion_base_datos_empresa01_Test"/>
</testsuite> <!-- Testcases.Conexion_base_datos_empresa01_Test -->
