<?xml version="1.0" encoding="UTF-8"?>
<!-- Generated by org.testng.reporters.JUnitReportReporter -->
<testsuite hostname="NBQANOVATECN026" name="A02_Testcases.Proy_2_QAnova_Piloto.CP02002_Caso_Carga_Informacion_QA2_test" tests="1" failures="0" timestamp="11 Jan 2019 13:15:01 GMT" time="56.639" errors="0">
  <testcase name="loginTest" time="56.639" classname="A02_Testcases.Proy_2_QAnova_Piloto.CP02002_Caso_Carga_Informacion_QA2_test"/>
</testsuite> <!-- A02_Testcases.Proy_2_QAnova_Piloto.CP02002_Caso_Carga_Informacion_QA2_test -->
