<?xml version="1.0" encoding="UTF-8"?>
<!-- Generated by org.testng.reporters.JUnitReportReporter -->
<testsuite hostname="NBQANOVATECN026" name="A01_TestLab.Proy2_QAnova_Piloto.TL020110_Caso_6" tests="1" failures="0" timestamp="27 Mar 2019 21:34:11 GMT" time="8.596" errors="0">
  <testcase name="Caso_1_Test" time="8.596" classname="A01_TestLab.Proy2_QAnova_Piloto.TL020110_Caso_6"/>
</testsuite> <!-- A01_TestLab.Proy2_QAnova_Piloto.TL020110_Caso_6 -->
