<?xml version="1.0" encoding="UTF-8"?>
<!-- Generated by org.testng.reporters.JUnitReportReporter -->
<testsuite hostname="NBQANOVATECN026" name="A02_Testcases.Proy_2_QAnova_Piloto.CP02120_Carga_Informacion_Data_BD_QA2_test" tests="1" failures="0" timestamp="14 Jan 2019 18:18:49 GMT" time="45.022" errors="0">
  <testcase name="loginTest" time="45.022" classname="A02_Testcases.Proy_2_QAnova_Piloto.CP02120_Carga_Informacion_Data_BD_QA2_test"/>
</testsuite> <!-- A02_Testcases.Proy_2_QAnova_Piloto.CP02120_Carga_Informacion_Data_BD_QA2_test -->
