<?xml version="1.0" encoding="UTF-8"?>
<!-- Generated by org.testng.reporters.JUnitReportReporter -->
<testsuite hostname="NBQANOVATECN026" name="A02_Testcases.Proy_3_Empresa.Caso_Conexion_BD_empresa01_Test" tests="1" failures="0" timestamp="22 Feb 2019 13:47:06 GMT" time="1.946" errors="0">
  <testcase name="Consulta_BD_Test" time="1.946" classname="A02_Testcases.Proy_3_Empresa.Caso_Conexion_BD_empresa01_Test"/>
</testsuite> <!-- A02_Testcases.Proy_3_Empresa.Caso_Conexion_BD_empresa01_Test -->
