<?xml version="1.0" encoding="UTF-8"?>
<!-- Generated by org.testng.reporters.JUnitReportReporter -->
<testsuite hostname="NBQANOVATECN026" name="Testcases.Caso_Susana_01" tests="1" failures="0" timestamp="2 Apr 2019 20:25:45 GMT" time="153.975" errors="0">
  <testcase name="Pagina_login_susana" time="153.975" classname="Testcases.Caso_Susana_01"/>
</testsuite> <!-- Testcases.Caso_Susana_01 -->
