<?xml version="1.0" encoding="UTF-8"?>
<!-- Generated by org.testng.reporters.JUnitReportReporter -->
<testsuite hostname="NBQANOVATECN026" name="A02_Testcases.Proy_2_QAnova_Piloto.CP02140_Eliminar_Reg_Matriz_de_Información_QA2_test" tests="1" failures="0" timestamp="15 Jan 2019 14:08:33 GMT" time="230.854" errors="0">
  <testcase name="loginTest" time="230.854" classname="A02_Testcases.Proy_2_QAnova_Piloto.CP02140_Eliminar_Reg_Matriz_de_Información_QA2_test"/>
</testsuite> <!-- A02_Testcases.Proy_2_QAnova_Piloto.CP02140_Eliminar_Reg_Matriz_de_Información_QA2_test -->
