<?xml version="1.0" encoding="UTF-8"?>
<!-- Generated by org.testng.reporters.JUnitReportReporter -->
<testsuite hostname="NBQANOVATECN026" name="A01_TestLab.Proy2_QAnova_Piloto.TL020110_Caso_7" tests="1" failures="0" timestamp="28 Mar 2019 21:01:57 GMT" time="58.033" errors="0">
  <testcase name="Caso_1_Test" time="58.033" classname="A01_TestLab.Proy2_QAnova_Piloto.TL020110_Caso_7"/>
</testsuite> <!-- A01_TestLab.Proy2_QAnova_Piloto.TL020110_Caso_7 -->
