<?xml version="1.0" encoding="UTF-8"?>
<!-- Generated by org.testng.reporters.JUnitReportReporter -->
<testsuite skipped="0" hostname="NBQANOVATECN026" name="Testcases.Prueba_Eliminar" tests="1" failures="0" timestamp="23 jul 2018 21:18:31 GMT" time="72.548" errors="0">
  <testcase name="editarinformepagoTest" time="72.548" classname="Testcases.Prueba_Eliminar"/>
</testsuite> <!-- Testcases.Prueba_Eliminar -->
