<?xml version="1.0" encoding="UTF-8"?>
<!-- Generated by org.testng.reporters.JUnitReportReporter -->
<testsuite hostname="NBQANOVATECN026" name="Testcases.Caso_Login_QANova2_test" tests="1" failures="0" timestamp="10 Jan 2019 19:29:25 GMT" time="19.921" errors="0">
  <testcase name="loginTest" time="19.921" classname="Testcases.Caso_Login_QANova2_test"/>
</testsuite> <!-- Testcases.Caso_Login_QANova2_test -->
