<?xml version="1.0" encoding="UTF-8"?>
<!-- Generated by org.testng.reporters.JUnitReportReporter -->
<testsuite hostname="NBQANOVATECN026" name="Testcases.Carga_Empleados_Test" tests="1" failures="0" timestamp="30 Aug 2018 20:19:09 GMT" time="8.915" errors="0">
  <testcase name="loginTest" time="8.915" classname="Testcases.Carga_Empleados_Test"/>
</testsuite> <!-- Testcases.Carga_Empleados_Test -->
