<?xml version="1.0" encoding="UTF-8"?>
<!-- Generated by org.testng.reporters.JUnitReportReporter -->
<testsuite hostname="NBQANOVATECN026" name="A01_TestLab.Proy2_QAnova_Piloto.TL020110_Caso_5" tests="1" failures="0" timestamp="21 Mar 2019 19:03:54 GMT" time="35.594" errors="0">
  <testcase name="Caso_5_Test" time="35.594" classname="A01_TestLab.Proy2_QAnova_Piloto.TL020110_Caso_5"/>
</testsuite> <!-- A01_TestLab.Proy2_QAnova_Piloto.TL020110_Caso_5 -->
