<?xml version="1.0" encoding="UTF-8"?>
<!-- Generated by org.testng.reporters.JUnitReportReporter -->
<testsuite hostname="NBQANOVATECN026" name="Testcases.Matriz_de_Información_Tabla_QA2_test2" tests="1" failures="0" timestamp="19 Nov 2018 15:21:15 GMT" time="298.367" errors="0">
  <testcase name="loginTest" time="298.367" classname="Testcases.Matriz_de_Información_Tabla_QA2_test2"/>
</testsuite> <!-- Testcases.Matriz_de_Información_Tabla_QA2_test2 -->
