<?xml version="1.0" encoding="UTF-8"?>
<!-- Generated by org.testng.reporters.JUnitReportReporter -->
<testsuite hostname="NBQANOVATECN026" name="Testcases.Matriz_de_Información_Tanbla_QA2_test2" tests="1" failures="0" timestamp="20 Sep 2018 19:27:14 GMT" time="93.603" errors="0">
  <testcase name="loginTest" time="93.603" classname="Testcases.Matriz_de_Información_Tanbla_QA2_test2"/>
</testsuite> <!-- Testcases.Matriz_de_Información_Tanbla_QA2_test2 -->
