<?xml version="1.0" encoding="UTF-8"?>
<!-- Generated by org.testng.reporters.JUnitReportReporter -->
<testsuite hostname="NBQANOVATECN026" name="A01_TestLab.Proy2_QAnova_Piloto.TL020110_Caso_3" tests="1" failures="0" timestamp="18 Mar 2019 00:13:47 GMT" time="67.859" errors="0">
  <testcase name="Caso_3_Test" time="67.859" classname="A01_TestLab.Proy2_QAnova_Piloto.TL020110_Caso_3"/>
</testsuite> <!-- A01_TestLab.Proy2_QAnova_Piloto.TL020110_Caso_3 -->
