<?xml version="1.0" encoding="UTF-8"?>
<!-- Generated by org.testng.reporters.JUnitReportReporter -->
<testsuite hostname="NBQANOVATECN026" name="A02_Testcases.Proy_2_QAnova_Piloto.Prueba_WriteExcel_QANova" tests="1" failures="0" timestamp="21 Jan 2019 19:06:37 GMT" time="1.365" errors="0">
  <testcase name="loginTest" time="1.365" classname="A02_Testcases.Proy_2_QAnova_Piloto.Prueba_WriteExcel_QANova"/>
</testsuite> <!-- A02_Testcases.Proy_2_QAnova_Piloto.Prueba_WriteExcel_QANova -->
