<?xml version="1.0" encoding="UTF-8"?>
<!-- Generated by org.testng.reporters.JUnitReportReporter -->
<testsuite skipped="0" hostname="NBQANOVATECN026" name="A01_TestLab.Proy2_QAnova_Piloto.TL020110_Caso_1" tests="1" failures="0" timestamp="28 mar 2019 12:15:21 GMT" time="67.430" errors="0">
  <testcase name="Caso_1_Test" time="67.430" classname="A01_TestLab.Proy2_QAnova_Piloto.TL020110_Caso_1"/>
</testsuite> <!-- A01_TestLab.Proy2_QAnova_Piloto.TL020110_Caso_1 -->
