<?xml version="1.0" encoding="UTF-8"?>
<!-- Generated by org.testng.reporters.JUnitReportReporter -->
<testsuite skipped="0" hostname="NBQANOVATECN026" name="A01_TestLab.Proy2_QAnova_Piloto.TL020110_Caso_2" tests="1" failures="0" timestamp="28 mar 2019 12:15:21 GMT" time="35.298" errors="0">
  <testcase name="Caso_2_Test" time="35.298" classname="A01_TestLab.Proy2_QAnova_Piloto.TL020110_Caso_2"/>
</testsuite> <!-- A01_TestLab.Proy2_QAnova_Piloto.TL020110_Caso_2 -->
